#
# There is insufficient memory for the Java Runtime Environment to continue.
# Native memory allocation (malloc) failed to allocate 131088 bytes for Chunk::new
# Possible reasons:
#   The system is out of physical RAM or swap space
#   The process is running with CompressedOops enabled, and the Java Heap may be blocking the growth of the native heap
# Possible solutions:
#   Reduce memory load on the system
#   Increase physical memory or swap space
#   Check if swap backing store is full
#   Decrease Java heap size (-Xmx/-Xms)
#   Decrease number of Java threads
#   Decrease Java thread stack sizes (-Xss)
#   Set larger code cache with -XX:ReservedCodeCacheSize=
#   JVM is running with Unscaled Compressed Oops mode in which the Java heap is
#     placed in the first 4GB address space. The Java Heap base address is the
#     maximum limit for the native heap growth. Please use -XX:HeapBaseMinAddress
#     to set the Java Heap base and to place the Java Heap above 4GB virtual address.
# This output file may be truncated or incomplete.
#
#  Out of Memory Error (allocation.cpp:389), pid=8900, tid=0x0000000000002684
#
# JRE version: OpenJDK Runtime Environment (8.0) (build 1.8.0-25-microsoft-b00)
# Java VM: OpenJDK 64-Bit Server VM (25.71-b00 mixed mode windows-amd64 compressed oops)
# Failed to write core dump. Minidumps are not enabled by default on client versions of Windows
#

---------------  T H R E A D  ---------------

Current thread (0x0000000014b3d800):  JavaThread "C2 CompilerThread0" daemon [_thread_in_native, id=9860, stack(0x00000000161b0000,0x00000000162b0000)]

Stack: [0x00000000161b0000,0x00000000162b0000]
[error occurred during error reporting (printing stack bounds), id 0xc0000005]

Native frames: (J=compiled Java code, j=interpreted, Vv=VM code, C=native code)


Current CompileTask:
C2:  17328 4855       4       com.android.tools.r8.graph.K::a (1030 bytes)


---------------  P R O C E S S  ---------------

Java Threads: ( => current thread )
  0x0000000016f03000 JavaThread "ForkJoinPool-1-worker-0" daemon [_thread_in_vm, id=4632, stack(0x00000000173b0000,0x00000000174b0000)]
  0x0000000016ef2000 JavaThread "ForkJoinPool-1-worker-1" daemon [_thread_in_Java, id=8528, stack(0x00000000172b0000,0x00000000173b0000)]
  0x0000000014b8c800 JavaThread "Service Thread" daemon [_thread_blocked, id=11224, stack(0x00000000168b0000,0x00000000169b0000)]
  0x0000000014b45800 JavaThread "C1 CompilerThread2" daemon [_thread_blocked, id=2344, stack(0x00000000163b0000,0x00000000164b0000)]
  0x0000000014b40800 JavaThread "C2 CompilerThread1" daemon [_thread_in_native, id=5944, stack(0x00000000162b0000,0x00000000163b0000)]
=>0x0000000014b3d800 JavaThread "C2 CompilerThread0" daemon [_thread_in_native, id=9860, stack(0x00000000161b0000,0x00000000162b0000)]
  0x0000000014b38800 JavaThread "Attach Listener" daemon [_thread_blocked, id=9604, stack(0x00000000160b0000,0x00000000161b0000)]
  0x0000000014b37800 JavaThread "Signal Dispatcher" daemon [_thread_blocked, id=8372, stack(0x0000000015fb0000,0x00000000160b0000)]
  0x000000000245c000 JavaThread "Finalizer" daemon [_thread_blocked, id=7068, stack(0x0000000015da0000,0x0000000015ea0000)]
  0x0000000014b19800 JavaThread "Reference Handler" daemon [_thread_blocked, id=8828, stack(0x0000000015ca0000,0x0000000015da0000)]
  0x0000000002362800 JavaThread "main" [_thread_blocked, id=8948, stack(0x0000000002260000,0x0000000002360000)]

Other Threads:
  0x0000000014af7000 VMThread [stack: 0x0000000015ba0000,0x0000000015ca0000] [id=9668]
  0x0000000014b8d000 WatcherThread [stack: 0x00000000169b0000,0x0000000016ab0000] [id=11128]

VM state:not at safepoint (normal execution)

VM Mutex/Monitor currently owned by a thread: None

heap address: 0x00000000c0000000, size: 1024 MB, Compressed Oops mode: 32-bit
Narrow klass base: 0x0000000000000000, Narrow klass shift: 3
Compressed class space size: 1073741824 Address: 0x0000000100000000

Heap:
 PSYoungGen      total 319488K, used 26947K [0x00000000eab00000, 0x0000000100000000, 0x0000000100000000)
  eden space 290816K, 9% used [0x00000000eab00000,0x00000000ec550ca0,0x00000000fc700000)
  from space 28672K, 0% used [0x00000000fe380000,0x00000000fe380000,0x00000000fff80000)
  to   space 29184K, 0% used [0x00000000fc700000,0x00000000fc700000,0x00000000fe380000)
 ParOldGen       total 87552K, used 53520K [0x00000000c0000000, 0x00000000c5580000, 0x00000000eab00000)
  object space 87552K, 61% used [0x00000000c0000000,0x00000000c3444140,0x00000000c5580000)
 Metaspace       used 16823K, capacity 17750K, committed 18304K, reserved 1064960K
  class space    used 2029K, capacity 2267K, committed 2432K, reserved 1048576K

Card table byte_map: [0x0000000011820000,0x0000000011a30000] byte_map_base: 0x0000000011220000

Marking Bits: (ParMarkBitMap*) 0x0000000056878f30
 Begin Bits: [0x0000000011f90000, 0x0000000012f90000)
 End Bits:   [0x0000000012f90000, 0x0000000013f90000)

Polling page: 0x0000000000570000

CodeCache: size=245760Kb used=16171Kb max_used=16185Kb free=229588Kb
 bounds [0x0000000002460000, 0x0000000003450000, 0x0000000011460000]
 total_blobs=4773 nmethods=4418 adapters=266
 compilation: enabled

Compilation events (10 events):
Event: 17.178 Thread 0x0000000014b3d800 nmethod 4083 0x00000000033f0350 code [0x00000000033f0540, 0x00000000033f1458]
Event: 17.179 Thread 0x0000000014b3d800 4855       4       com.android.tools.r8.graph.K::a (1030 bytes)
Event: 17.246 Thread 0x0000000014b45800 4864       1       com.android.tools.r8.t.a.a.a.h.a0$e::size (8 bytes)
Event: 17.246 Thread 0x0000000014b45800 nmethod 4864 0x0000000003403610 code [0x0000000003403760, 0x0000000003403870]
Event: 17.271 Thread 0x0000000014b45800 4867       2       com.android.tools.r8.s.a.i.a$$Lambda$309/1432996728::get$Lambda (9 bytes)
Event: 17.271 Thread 0x0000000014b45800 nmethod 4867 0x0000000003403290 code [0x00000000034033e0, 0x0000000003403570]
Event: 17.271 Thread 0x0000000014b45800 4868       2       com.android.tools.r8.q.a.a.a.D::a (9 bytes)
Event: 17.272 Thread 0x0000000014b45800 nmethod 4868 0x00000000033fca90 code [0x00000000033fcbe0, 0x00000000033fcd90]
Event: 17.304 Thread 0x0000000014b45800 4870       2       com.android.tools.r8.s.a.p.t::a (26 bytes)
Event: 17.305 Thread 0x0000000014b45800 nmethod 4870 0x00000000033ffd90 code [0x00000000033fff20, 0x0000000003400168]

GC Heap History (10 events):
Event: 8.636 GC heap before
{Heap before GC invocations=7 (full 0):
 PSYoungGen      total 155648K, used 147735K [0x00000000eab00000, 0x00000000f5b00000, 0x0000000100000000)
  eden space 133120K, 100% used [0x00000000eab00000,0x00000000f2d00000,0x00000000f2d00000)
  from space 22528K, 64% used [0x00000000f4500000,0x00000000f5345e98,0x00000000f5b00000)
  to   space 23552K, 0% used [0x00000000f2d00000,0x00000000f2d00000,0x00000000f4400000)
 ParOldGen       total 87552K, used 50023K [0x00000000c0000000, 0x00000000c5580000, 0x00000000eab00000)
  object space 87552K, 57% used [0x00000000c0000000,0x00000000c30d9c10,0x00000000c5580000)
 Metaspace       used 16200K, capacity 17244K, committed 17408K, reserved 1064960K
  class space    used 2021K, capacity 2276K, committed 2304K, reserved 1048576K
Event: 8.701 GC heap after
Heap after GC invocations=7 (full 0):
 PSYoungGen      total 156672K, used 23527K [0x00000000eab00000, 0x00000000fe600000, 0x0000000100000000)
  eden space 133120K, 0% used [0x00000000eab00000,0x00000000eab00000,0x00000000f2d00000)
  from space 23552K, 99% used [0x00000000f2d00000,0x00000000f43f9d48,0x00000000f4400000)
  to   space 28160K, 0% used [0x00000000fca80000,0x00000000fca80000,0x00000000fe600000)
 ParOldGen       total 87552K, used 53146K [0x00000000c0000000, 0x00000000c5580000, 0x00000000eab00000)
  object space 87552K, 60% used [0x00000000c0000000,0x00000000c33e6968,0x00000000c5580000)
 Metaspace       used 16200K, capacity 17244K, committed 17408K, reserved 1064960K
  class space    used 2021K, capacity 2276K, committed 2304K, reserved 1048576K
}
Event: 10.179 GC heap before
{Heap before GC invocations=8 (full 0):
 PSYoungGen      total 156672K, used 156647K [0x00000000eab00000, 0x00000000fe600000, 0x0000000100000000)
  eden space 133120K, 100% used [0x00000000eab00000,0x00000000f2d00000,0x00000000f2d00000)
  from space 23552K, 99% used [0x00000000f2d00000,0x00000000f43f9d48,0x00000000f4400000)
  to   space 28160K, 0% used [0x00000000fca80000,0x00000000fca80000,0x00000000fe600000)
 ParOldGen       total 87552K, used 53146K [0x00000000c0000000, 0x00000000c5580000, 0x00000000eab00000)
  object space 87552K, 60% used [0x00000000c0000000,0x00000000c33e6968,0x00000000c5580000)
 Metaspace       used 16627K, capacity 17654K, committed 17792K, reserved 1064960K
  class space    used 2043K, capacity 2313K, committed 2432K, reserved 1048576K
Event: 10.309 GC heap after
Heap after GC invocations=8 (full 0):
 PSYoungGen      total 292864K, used 24019K [0x00000000eab00000, 0x00000000fe900000, 0x0000000100000000)
  eden space 264704K, 0% used [0x00000000eab00000,0x00000000eab00000,0x00000000fad80000)
  from space 28160K, 85% used [0x00000000fca80000,0x00000000fe1f4d98,0x00000000fe600000)
  to   space 29696K, 0% used [0x00000000fad80000,0x00000000fad80000,0x00000000fca80000)
 ParOldGen       total 87552K, used 54322K [0x00000000c0000000, 0x00000000c5580000, 0x00000000eab00000)
  object space 87552K, 62% used [0x00000000c0000000,0x00000000c350c960,0x00000000c5580000)
 Metaspace       used 16627K, capacity 17654K, committed 17792K, reserved 1064960K
  class space    used 2043K, capacity 2313K, committed 2432K, reserved 1048576K
}
Event: 13.370 GC heap before
{Heap before GC invocations=9 (full 0):
 PSYoungGen      total 292864K, used 288723K [0x00000000eab00000, 0x00000000fe900000, 0x0000000100000000)
  eden space 264704K, 100% used [0x00000000eab00000,0x00000000fad80000,0x00000000fad80000)
  from space 28160K, 85% used [0x00000000fca80000,0x00000000fe1f4d98,0x00000000fe600000)
  to   space 29696K, 0% used [0x00000000fad80000,0x00000000fad80000,0x00000000fca80000)
 ParOldGen       total 87552K, used 54322K [0x00000000c0000000, 0x00000000c5580000, 0x00000000eab00000)
  object space 87552K, 62% used [0x00000000c0000000,0x00000000c350c960,0x00000000c5580000)
 Metaspace       used 16839K, capacity 17962K, committed 18304K, reserved 1064960K
  class space    used 2054K, capacity 2319K, committed 2432K, reserved 1048576K
Event: 13.565 GC heap after
Heap after GC invocations=9 (full 0):
 PSYoungGen      total 294400K, used 16414K [0x00000000eab00000, 0x00000000fff80000, 0x0000000100000000)
  eden space 264704K, 0% used [0x00000000eab00000,0x00000000eab00000,0x00000000fad80000)
  from space 29696K, 55% used [0x00000000fad80000,0x00000000fbd87878,0x00000000fca80000)
  to   space 28672K, 0% used [0x00000000fe380000,0x00000000fe380000,0x00000000fff80000)
 ParOldGen       total 87552K, used 66403K [0x00000000c0000000, 0x00000000c5580000, 0x00000000eab00000)
  object space 87552K, 75% used [0x00000000c0000000,0x00000000c40d8e68,0x00000000c5580000)
 Metaspace       used 16839K, capacity 17962K, committed 18304K, reserved 1064960K
  class space    used 2054K, capacity 2319K, committed 2432K, reserved 1048576K
}
Event: 15.914 GC heap before
{Heap before GC invocations=10 (full 0):
 PSYoungGen      total 294400K, used 281118K [0x00000000eab00000, 0x00000000fff80000, 0x0000000100000000)
  eden space 264704K, 100% used [0x00000000eab00000,0x00000000fad80000,0x00000000fad80000)
  from space 29696K, 55% used [0x00000000fad80000,0x00000000fbd87878,0x00000000fca80000)
  to   space 28672K, 0% used [0x00000000fe380000,0x00000000fe380000,0x00000000fff80000)
 ParOldGen       total 87552K, used 66403K [0x00000000c0000000, 0x00000000c5580000, 0x00000000eab00000)
  object space 87552K, 75% used [0x00000000c0000000,0x00000000c40d8e68,0x00000000c5580000)
 Metaspace       used 16905K, capacity 17970K, committed 18304K, reserved 1064960K
  class space    used 2058K, capacity 2319K, committed 2432K, reserved 1048576K
Event: 16.048 GC heap after
Heap after GC invocations=10 (full 0):
 PSYoungGen      total 319488K, used 7571K [0x00000000eab00000, 0x0000000100000000, 0x0000000100000000)
  eden space 290816K, 0% used [0x00000000eab00000,0x00000000eab00000,0x00000000fc700000)
  from space 28672K, 26% used [0x00000000fe380000,0x00000000feae4ee0,0x00000000fff80000)
  to   space 29184K, 0% used [0x00000000fc700000,0x00000000fc700000,0x00000000fe380000)
 ParOldGen       total 87552K, used 77495K [0x00000000c0000000, 0x00000000c5580000, 0x00000000eab00000)
  object space 87552K, 88% used [0x00000000c0000000,0x00000000c4badec0,0x00000000c5580000)
 Metaspace       used 16905K, capacity 17970K, committed 18304K, reserved 1064960K
  class space    used 2058K, capacity 2319K, committed 2432K, reserved 1048576K
}
Event: 16.049 GC heap before
{Heap before GC invocations=11 (full 1):
 PSYoungGen      total 319488K, used 7571K [0x00000000eab00000, 0x0000000100000000, 0x0000000100000000)
  eden space 290816K, 0% used [0x00000000eab00000,0x00000000eab00000,0x00000000fc700000)
  from space 28672K, 26% used [0x00000000fe380000,0x00000000feae4ee0,0x00000000fff80000)
  to   space 29184K, 0% used [0x00000000fc700000,0x00000000fc700000,0x00000000fe380000)
 ParOldGen       total 87552K, used 77495K [0x00000000c0000000, 0x00000000c5580000, 0x00000000eab00000)
  object space 87552K, 88% used [0x00000000c0000000,0x00000000c4badec0,0x00000000c5580000)
 Metaspace       used 16905K, capacity 17970K, committed 18304K, reserved 1064960K
  class space    used 2058K, capacity 2319K, committed 2432K, reserved 1048576K
Event: 17.025 GC heap after
Heap after GC invocations=11 (full 1):
 PSYoungGen      total 319488K, used 0K [0x00000000eab00000, 0x0000000100000000, 0x0000000100000000)
  eden space 290816K, 0% used [0x00000000eab00000,0x00000000eab00000,0x00000000fc700000)
  from space 28672K, 0% used [0x00000000fe380000,0x00000000fe380000,0x00000000fff80000)
  to   space 29184K, 0% used [0x00000000fc700000,0x00000000fc700000,0x00000000fe380000)
 ParOldGen       total 87552K, used 53520K [0x00000000c0000000, 0x00000000c5580000, 0x00000000eab00000)
  object space 87552K, 61% used [0x00000000c0000000,0x00000000c3444140,0x00000000c5580000)
 Metaspace       used 16821K, capacity 17750K, committed 18304K, reserved 1064960K
  class space    used 2029K, capacity 2267K, committed 2432K, reserved 1048576K
}

Deoptimization events (10 events):
Event: 11.334 Thread 0x0000000016f03000 Uncommon trap: reason=class_check action=maybe_recompile pc=0x00000000029700bc method=java.util.TreeMap.compare(Ljava/lang/Object;Ljava/lang/Object;)I @ 26
Event: 11.334 Thread 0x0000000016f03000 Uncommon trap: reason=unstable_if action=reinterpret pc=0x000000000297008c method=java.util.TreeMap.put(Ljava/lang/Object;Ljava/lang/Object;)Ljava/lang/Object; @ 55
Event: 11.486 Thread 0x0000000016ef2000 Uncommon trap: reason=unstable_if action=reinterpret pc=0x0000000003121c1c method=com.android.tools.r8.ir.conversion.N.a(ILcom/android/tools/r8/s/b/t1;Lcom/android/tools/r8/s/b/o;Lcom/android/tools/r8/s/b/o$c;Lcom/android/tools/r8/s/b/U0$a;)Lcom/android/t
Event: 11.499 Thread 0x0000000016ef2000 Uncommon trap: reason=unstable_if action=reinterpret pc=0x00000000026dddc4 method=com.android.tools.r8.s.a.h.e.b(Lcom/android/tools/r8/s/b/k0;)V @ 11
Event: 11.601 Thread 0x0000000016f03000 Uncommon trap: reason=unstable_if action=reinterpret pc=0x00000000028e6f74 method=com.android.tools.r8.ir.conversion.o.d(I)Lcom/android/tools/r8/s/b/W0; @ 3
Event: 11.604 Thread 0x0000000016f03000 Uncommon trap: reason=unstable_if action=reinterpret pc=0x00000000031a789c method=com.android.tools.r8.ir.conversion.o.a(Lcom/android/tools/r8/ir/conversion/N;IZ)V @ 3
Event: 11.938 Thread 0x0000000016f03000 Uncommon trap: reason=unstable_if action=reinterpret pc=0x0000000002c10164 method=java.util.HashMap.getNode(ILjava/lang/Object;)Ljava/util/HashMap$Node; @ 84
Event: 11.938 Thread 0x0000000016f03000 Uncommon trap: reason=unstable_if action=reinterpret pc=0x0000000002bf7298 method=java.util.HashMap.putVal(ILjava/lang/Object;Ljava/lang/Object;ZZ)Ljava/lang/Object; @ 109
Event: 14.051 Thread 0x0000000016f03000 Uncommon trap: reason=unstable_if action=reinterpret pc=0x00000000027eba30 method=com.android.tools.r8.t.a.a.a.f.X$e.contains(Ljava/lang/Object;)Z @ 176
Event: 15.073 Thread 0x0000000016ef2000 Uncommon trap: reason=unstable_if action=reinterpret pc=0x0000000003326250 method=com.android.tools.r8.ir.regalloc.a.a(Lcom/android/tools/r8/ir/regalloc/a$a;Z)Lcom/android/tools/r8/ir/regalloc/a$a; @ 2672

Classes redefined (0 events):
No events

Internal exceptions (10 events):
Event: 1.843 Thread 0x0000000002362800 Implicit null exception at 0x00000000026dc9d4 to 0x00000000026dd391
Event: 1.936 Thread 0x0000000002362800 Implicit null exception at 0x00000000026deed4 to 0x00000000026df891
Event: 2.007 Thread 0x0000000002362800 Implicit null exception at 0x00000000026d7025 to 0x00000000026d7679
Event: 2.011 Thread 0x0000000002362800 Implicit null exception at 0x00000000026d5df8 to 0x00000000026d62bd
Event: 3.741 Thread 0x0000000002362800 Exception <a 'java/lang/IncompatibleClassChangeError': Found class java.lang.Object, but interface was expected> (0x00000000ee5ad648) thrown at [D:\j\worksp~1\openjd~3\jdk8u\hotspot\src\share\vm\interpreter\linkResolver.cpp, line 653]
Event: 5.487 Thread 0x0000000016f03000 Implicit null exception at 0x0000000002933e2f to 0x0000000002934075
Event: 5.799 Thread 0x0000000016ef2000 Exception <a 'java/lang/NoSuchMethodError': java.lang.Object.b(Lcom/android/tools/r8/graph/p1$b;)Lcom/android/tools/r8/graph/p1$b;> (0x00000000edafdf20) thrown at [D:\j\worksp~1\openjd~3\jdk8u\hotspot\src\share\vm\interpreter\linkResolver.cpp, line 620]
Event: 5.883 Thread 0x0000000016f03000 Exception <a 'java/lang/NoSuchMethodError': java.lang.Object.lambda$comparingInt$7b0bb60$1(Ljava/util/function/ToIntFunction;Ljava/lang/Object;Ljava/lang/Object;)I> (0x00000000edebb470) thrown at [D:\j\worksp~1\openjd~3\jdk8u\hotspot\src\share\vm\interpre
Event: 5.888 Thread 0x0000000016f03000 Exception <a 'java/lang/NoSuchMethodError': java.lang.Object.lambda$maxBy$1(Ljava/util/Comparator;Ljava/lang/Object;Ljava/lang/Object;)Ljava/lang/Object;> (0x00000000edec70a0) thrown at [D:\j\worksp~1\openjd~3\jdk8u\hotspot\src\share\vm\interpreter\linkRe
Event: 5.888 Thread 0x0000000016ef2000 Exception <a 'java/lang/NoSuchMethodError': java.lang.Object.lambda$maxBy$1(Ljava/util/Comparator;Ljava/lang/Object;Ljava/lang/Object;)Ljava/lang/Object;> (0x00000000edba32a0) thrown at [D:\j\worksp~1\openjd~3\jdk8u\hotspot\src\share\vm\interpreter\linkRe

Events (10 events):
Event: 17.035 Executing VM operation: ForceSafepoint
Event: 17.035 Executing VM operation: ForceSafepoint done
Event: 17.048 Executing VM operation: ForceSafepoint
Event: 17.048 Executing VM operation: ForceSafepoint done
Event: 17.079 Thread 0x0000000016ef2000 DEOPT PACKING pc=0x0000000002e48d7b sp=0x00000000173ae100
Event: 17.079 Thread 0x0000000016ef2000 DEOPT UNPACKING pc=0x00000000024a75d0 sp=0x00000000173ae260 mode 0
Event: 17.203 Executing VM operation: ForceSafepoint
Event: 17.204 Executing VM operation: ForceSafepoint done
Event: 17.268 loading class java/util/concurrent/locks/LockSupport
Event: 17.269 loading class java/util/concurrent/locks/LockSupport done


Dynamic libraries:
0x00007ff6ad250000 - 0x00007ff6ad285000 	C:\Program Files\Android\Jdk\microsoft_dist_openjdk_1.8.0.25\bin\java.exe
0x00007ffe60690000 - 0x00007ffe60885000 	C:\Windows\SYSTEM32\ntdll.dll
0x00007ffe604c0000 - 0x00007ffe6057e000 	C:\Windows\System32\KERNEL32.DLL
0x00007ffe5e1b0000 - 0x00007ffe5e479000 	C:\Windows\System32\KERNELBASE.dll
0x00007ffe5e740000 - 0x00007ffe5e7ec000 	C:\Windows\System32\ADVAPI32.dll
0x00007ffe60200000 - 0x00007ffe6029e000 	C:\Windows\System32\msvcrt.dll
0x00007ffe5f5e0000 - 0x00007ffe5f67b000 	C:\Windows\System32\sechost.dll
0x00007ffe600d0000 - 0x00007ffe601fa000 	C:\Windows\System32\RPCRT4.dll
0x00007ffe5ea70000 - 0x00007ffe5ec11000 	C:\Windows\System32\USER32.dll
0x00007ffe5e000000 - 0x00007ffe5e022000 	C:\Windows\System32\win32u.dll
0x00007ffe5e7f0000 - 0x00007ffe5e81b000 	C:\Windows\System32\GDI32.dll
0x00007ffe5de60000 - 0x00007ffe5df6b000 	C:\Windows\System32\gdi32full.dll
0x00007ffe5e0c0000 - 0x00007ffe5e15d000 	C:\Windows\System32\msvcp_win.dll
0x00007ffe5e5e0000 - 0x00007ffe5e6e0000 	C:\Windows\System32\ucrtbase.dll
0x00007ffe4dd80000 - 0x00007ffe4e01a000 	C:\Windows\WinSxS\amd64_microsoft.windows.common-controls_6595b64144ccf1df_6.0.19041.1110_none_60b5254171f9507e\COMCTL32.dll
0x00007ffe5e960000 - 0x00007ffe5e990000 	C:\Windows\System32\IMM32.DLL
0x0000000056900000 - 0x00000000569d1000 	C:\Program Files\Android\Jdk\microsoft_dist_openjdk_1.8.0.25\jre\bin\msvcr100.dll
0x00000000560b0000 - 0x00000000568f5000 	C:\Program Files\Android\Jdk\microsoft_dist_openjdk_1.8.0.25\jre\bin\server\jvm.dll
0x00007ffe5f0a0000 - 0x00007ffe5f0a8000 	C:\Windows\System32\PSAPI.DLL
0x00007ffe48f80000 - 0x00007ffe48fa7000 	C:\Windows\SYSTEM32\WINMM.dll
0x00007ffe55d10000 - 0x00007ffe55d1a000 	C:\Windows\SYSTEM32\VERSION.dll
0x00007ffe4a9e0000 - 0x00007ffe4a9e9000 	C:\Windows\SYSTEM32\WSOCK32.dll
0x00007ffe5f160000 - 0x00007ffe5f1cb000 	C:\Windows\System32\ws2_32.DLL
0x00007ffe4a9d0000 - 0x00007ffe4a9df000 	C:\Program Files\Android\Jdk\microsoft_dist_openjdk_1.8.0.25\jre\bin\verify.dll
0x00007ffe39c70000 - 0x00007ffe39c99000 	C:\Program Files\Android\Jdk\microsoft_dist_openjdk_1.8.0.25\jre\bin\java.dll
0x00007ffe4a9b0000 - 0x00007ffe4a9c6000 	C:\Program Files\Android\Jdk\microsoft_dist_openjdk_1.8.0.25\jre\bin\zip.dll
0x00007ffe5f990000 - 0x00007ffe600cf000 	C:\Windows\System32\SHELL32.dll
0x00007ffe5beb0000 - 0x00007ffe5c640000 	C:\Windows\SYSTEM32\windows.storage.dll
0x00007ffe5f280000 - 0x00007ffe5f5d5000 	C:\Windows\System32\combase.dll
0x00007ffe5d730000 - 0x00007ffe5d75c000 	C:\Windows\SYSTEM32\Wldp.dll
0x00007ffe5f0b0000 - 0x00007ffe5f15e000 	C:\Windows\System32\SHCORE.dll
0x00007ffe602b0000 - 0x00007ffe60305000 	C:\Windows\System32\shlwapi.dll
0x00007ffe5dcf0000 - 0x00007ffe5dd0f000 	C:\Windows\SYSTEM32\profapi.dll
0x00007ffe3b090000 - 0x00007ffe3b0aa000 	C:\Program Files\Android\jdk\microsoft_dist_openjdk_1.8.0.25\jre\bin\net.dll
0x00007ffe5d490000 - 0x00007ffe5d4fa000 	C:\Windows\system32\mswsock.dll
0x00007ffe39c50000 - 0x00007ffe39c61000 	C:\Program Files\Android\jdk\microsoft_dist_openjdk_1.8.0.25\jre\bin\nio.dll

VM Arguments:
jvm_args: -Xmx1G 
java_command: com.android.tools.r8.D8 --debug --min-api 21 --output obj\Debug\110\android\bin\ --lib C:\Program Files (x86)\Android\android-sdk\platforms\android-30\android.jar obj\Debug\110\android\bin\classes.zip C:\Program Files (x86)\Microsoft Visual Studio\2019\Community\Common7\IDE\ReferenceAssemblies\Microsoft\Framework\MonoAndroid\v11.0\mono.android.jar C:\Program Files (x86)\Microsoft Visual Studio\2019\Community\MSBuild\Xamarin\Android\java_runtime_fastdev.jar C:\Program Files (x86)\Microsoft\Xamarin\NuGet\xamarin.google.guava.listenablefuture\1.0.0.2\buildTransitive\monoandroid50\guava-listenablefuture.jar C:\Program Files (x86)\Microsoft\Xamarin\NuGet\xamarin.androidx.annotation\1.1.0.8\buildTransitive\monoandroid90\..\..\jar\androidx.annotation.annotation.jar C:\Program Files (x86)\Microsoft\Xamarin\NuGet\xamarin.androidx.collection\1.1.0.6\buildTransitive\monoandroid90\..\..\jar\androidx.collection.collection.jar C:\Program Files (x86)\Microsoft\Xamarin\NuGet\xamarin.androidx.lifecycle.common\2.2.0.4\buildTransitive\monoandroid90\..\..\jar\androidx.lifecycle.lifecycle-common.jar C:\Program Files (x86)\Microsoft\Xamarin\NuGet\xamarin.androidx.arch.core.common\2.1.0.7\buildTransitive\monoandroid90\..\..\jar\androidx.arch.core.core-common.jar obj\Debug\110\lp\0\jl\formsviewgroup.jar obj\Debug\110\lp\49\jl\classes.jar obj\Debug\110\lp\50\jl\classes.jar obj\Debug\110\lp\51\jl\classes.jar obj\Debug\110\lp\52\jl\classes.jar obj\Debug\110\lp\53\jl\classes.jar obj\Debug\110\lp\54\jl\classes.jar obj\Debug\110\lp\55\jl\classes.jar obj\Debug\110\lp\56\jl\classes.jar obj\Debug\110\lp\57\jl\classes.jar obj\Debug\110\lp\58\jl\classes.jar obj\Debug\110\lp\59\jl\classes.jar obj\Debug\110\lp\60\jl\classes.jar obj\Debug\110\lp\61\jl\classes.jar obj\Debug\110\lp\62\jl\classes.jar obj\Debug\110\lp\63\jl\classes.jar obj\Debug\110\lp\64\jl\classes.jar obj\Debug\110\lp\65\jl\classes.jar obj\Debug\110\lp\66\jl\classes.jar obj\Debug\110\lp\67\jl\classes.jar obj\Debug\110\lp\6
java_class_path (initial): C:\Program Files (x86)\Microsoft Visual Studio\2019\Community\MSBuild\Xamarin\Android\r8.jar
Launcher Type: SUN_STANDARD

Environment Variables:
PATH=C:\Program Files\Android\Jdk\microsoft_dist_openjdk_1.8.0.25\bin;C:\Windows\system32;C:\Windows;C:\Windows\System32\Wbem;C:\Windows\System32\WindowsPowerShell\v1.0\;C:\Program Files\dotnet\;C:\Program Files\Microsoft SQL Server\130\Tools\Binn\;C:\Program Files\Microsoft SQL Server\Client SDK\ODBC\170\Tools\Binn\;C:\Users\Dmitriy\AppData\Local\Microsoft\WindowsApps;C:\Users\Dmitriy\.dotnet\tools
USERNAME=Dmitriy
OS=Windows_NT
PROCESSOR_IDENTIFIER=Intel64 Family 6 Model 69 Stepping 1, GenuineIntel



---------------  S Y S T E M  ---------------

OS: Windows 10.0 , 64 bit Build 19041 (10.0.19041.1202)

CPU:total 4 (initial active 4) (2 cores per cpu, 2 threads per core) family 6 model 69 stepping 1, cmov, cx8, fxsr, mmx, sse, sse2, sse3, ssse3, sse4.1, sse4.2, popcnt, avx, avx2, aes, clmul, erms, lzcnt, ht, tsc, tscinvbit, bmi1, bmi2

Memory: 4k page, physical 8315244k(277608k free), swap 12509548k(5316k free)

vm_info: OpenJDK 64-Bit Server VM (25.71-b00) for windows-amd64 JRE (1.8.0-25-microsoft-b00), built on Feb  7 2019 20:09:14 by "builder" with MS VC++ 10.0 (VS2010)

time: Wed Oct 06 16:54:19 2021
timezone: RTZ 2 (зима)
elapsed time: 17 seconds (0d 0h 0m 17s)

